2026-03-23 09:05:27,561 - INFO - ејҖе§ӢеӨ„зҗҶз¬¬ 3 жҠҳж•°жҚ®...
2026-03-23 09:05:27,563 - INFO - з¬¬ 3 жҠҳеҢ…еҗ« 36 дёӘж ·жң¬
2026-03-23 09:05:27,586 - INFO - YOLOжЁЎеһӢеҠ иҪҪжҲҗеҠҹ: Train_result/Mucus_249_neg_0/Train_20260302_fold3/weights/best.pt
2026-03-23 09:05:27,586 - INFO - 112/36 еӨ„зҗҶеӣҫеғҸ: E0001365_20100824.nii.gz
2026-03-23 09:05:29,843 - INFO -   жҸҗеҸ–дәҶ 9776 дёӘpatches
2026-03-23 09:05:38,298 - INFO - 113/36 еӨ„зҗҶеӣҫеғҸ: E0001505_20111215.nii.gz
2026-03-23 09:05:40,109 - INFO -   жҸҗеҸ–дәҶ 9776 дёӘpatches
2026-03-23 09:05:48,465 - INFO - 114/36 еӨ„зҗҶеӣҫеғҸ: E0001532_20110111.nii.gz
2026-03-23 09:05:50,976 - INFO -   жҸҗеҸ–дәҶ 10896 дёӘpatches
2026-03-23 09:06:00,312 - INFO - 115/36 еӨ„зҗҶеӣҫеғҸ: E0001075_20120223.nii.gz
2026-03-23 09:06:03,373 - INFO -   жҸҗеҸ–дәҶ 9936 дёӘpatches
2026-03-23 09:06:12,066 - INFO - 116/36 еӨ„зҗҶеӣҫеғҸ: E0001062_20110119.nii.gz
2026-03-23 09:06:14,599 - INFO -   жҸҗеҸ–дәҶ 9616 дёӘpatches
2026-03-23 09:06:22,759 - INFO - 117/36 еӨ„зҗҶеӣҫеғҸ: E0001070_20100121.nii.gz
2026-03-23 09:06:25,298 - INFO -   жҸҗеҸ–дәҶ 9616 дёӘpatches
2026-03-23 09:06:33,425 - INFO - 118/36 еӨ„зҗҶеӣҫеғҸ: E0001256_20100423.nii.gz
2026-03-23 09:06:35,453 - INFO -   жҸҗеҸ–дәҶ 8976 дёӘpatches
2026-03-23 09:06:43,313 - INFO - 119/36 еӨ„зҗҶеӣҫеғҸ: E0001468_20121204.nii.gz
2026-03-23 09:06:45,615 - INFO -   жҸҗеҸ–дәҶ 9936 дёӘpatches
2026-03-23 09:06:54,135 - INFO - 120/36 еӨ„зҗҶеӣҫеғҸ: E0001226_20100402.nii.gz
2026-03-23 09:06:56,144 - INFO -   жҸҗеҸ–дәҶ 8496 дёӘpatches
2026-03-23 09:07:03,485 - INFO - 121/36 еӨ„зҗҶеӣҫеғҸ: E0001520_20101222.nii.gz
2026-03-23 09:07:06,198 - INFO -   жҸҗеҸ–дәҶ 11856 дёӘpatches
2026-03-23 09:07:16,251 - INFO - 122/36 еӨ„зҗҶеӣҫеғҸ: E0001467_20121129.nii.gz
2026-03-23 09:07:17,987 - INFO -   жҸҗеҸ–дәҶ 9936 дёӘpatches
2026-03-23 09:07:28,004 - INFO - 123/36 еӨ„зҗҶеӣҫеғҸ: E0001270_20120426.nii.gz
2026-03-23 09:07:31,113 - INFO -   жҸҗеҸ–дәҶ 10736 дёӘpatches
2026-03-23 09:07:40,367 - INFO - 124/36 еӨ„зҗҶеӣҫеғҸ: E0001065_20100120.nii.gz
2026-03-23 09:07:42,592 - INFO -   жҸҗеҸ–дәҶ 8016 дёӘpatches
2026-03-23 09:07:50,207 - INFO - 125/36 еӨ„зҗҶеӣҫеғҸ: E0001078_20100125.nii.gz
2026-03-23 09:07:51,951 - INFO -   жҸҗеҸ–дәҶ 8816 дёӘpatches
2026-03-23 09:08:00,448 - INFO - 126/36 еӨ„зҗҶеӣҫеғҸ: E0001470_20111118.nii.gz
2026-03-23 09:08:02,412 - INFO -   жҸҗеҸ–дәҶ 10736 дёӘpatches
2026-03-23 09:08:12,669 - INFO - 127/36 еӨ„зҗҶеӣҫеғҸ: E0001490_20101214.nii.gz
2026-03-23 09:08:14,965 - INFO -   жҸҗеҸ–дәҶ 9616 дёӘpatches
2026-03-23 09:08:24,485 - INFO - 128/36 еӨ„зҗҶеӣҫеғҸ: E0001325_20120731.nii.gz
2026-03-23 09:08:27,224 - INFO -   жҸҗеҸ–дәҶ 10736 дёӘpatches
2026-03-23 09:08:37,493 - INFO - 129/36 еӨ„зҗҶеӣҫеғҸ: E0001095_20100201.nii.gz
2026-03-23 09:08:39,316 - INFO -   жҸҗеҸ–дәҶ 7856 дёӘpatches
2026-03-23 09:08:45,922 - INFO - 130/36 еӨ„зҗҶеӣҫеғҸ: E0001301_20110531.nii.gz
2026-03-23 09:08:47,962 - INFO -   жҸҗеҸ–дәҶ 10896 дёӘpatches
2026-03-23 09:08:58,488 - INFO - 131/36 еӨ„зҗҶеӣҫеғҸ: E0001179_20120329.nii.gz
2026-03-23 09:09:00,986 - INFO -   жҸҗеҸ–дәҶ 9456 дёӘpatches
2026-03-23 09:09:10,219 - INFO - 132/36 еӨ„зҗҶеӣҫеғҸ: E0001353_20120820.nii.gz
2026-03-23 09:09:12,803 - INFO -   жҸҗеҸ–дәҶ 11056 дёӘpatches
2026-03-23 09:09:23,418 - INFO - 133/36 еӨ„зҗҶеӣҫеғҸ: E0001270_20110426.nii.gz
2026-03-23 09:09:26,201 - INFO -   жҸҗеҸ–дәҶ 11216 дёӘpatches
2026-03-23 09:09:36,894 - INFO - 134/36 еӨ„зҗҶеӣҫеғҸ: E0001322_20100730.nii.gz
2026-03-23 09:09:39,608 - INFO -   жҸҗеҸ–дәҶ 10736 дёӘpatches
2026-03-23 09:09:48,941 - INFO - 135/36 еӨ„зҗҶеӣҫеғҸ: E0001332_20121116.nii.gz
2026-03-23 09:09:50,814 - INFO -   жҸҗеҸ–дәҶ 9776 дёӘpatches
2026-03-23 09:10:00,299 - INFO - 136/36 еӨ„зҗҶеӣҫеғҸ: E0001163_20100303.nii.gz
2026-03-23 09:10:02,603 - INFO -   жҸҗеҸ–дәҶ 9456 дёӘpatches
2026-03-23 09:10:10,740 - INFO - 137/36 еӨ„зҗҶеӣҫеғҸ: E0001079_20100129.nii.gz
2026-03-23 09:10:13,086 - INFO -   жҸҗеҸ–дәҶ 8176 дёӘpatches
2026-03-23 09:10:20,029 - INFO - 138/36 еӨ„зҗҶеӣҫеғҸ: E0001190_20120327.nii.gz
2026-03-23 09:10:21,729 - INFO -   жҸҗеҸ–дәҶ 9296 дёӘpatches
2026-03-23 09:10:30,498 - INFO - 139/36 еӨ„зҗҶеӣҫеғҸ: E0001401_20111216.nii.gz
2026-03-23 09:10:32,363 - INFO -   жҸҗеҸ–дәҶ 8816 дёӘpatches
2026-03-23 09:10:40,936 - INFO - 140/36 еӨ„зҗҶеӣҫеғҸ: E0001467_20101116.nii.gz
2026-03-23 09:10:43,436 - INFO -   жҸҗеҸ–дәҶ 10736 дёӘpatches
2026-03-23 09:10:53,969 - INFO - 141/36 еӨ„зҗҶеӣҫеғҸ: E0001475_20101201.nii.gz
2026-03-23 09:10:56,445 - INFO -   жҸҗеҸ–дәҶ 10256 дёӘpatches
2026-03-23 09:11:06,554 - INFO - 142/36 еӨ„зҗҶеӣҫеғҸ: E0001314_20120618.nii.gz
2026-03-23 09:11:09,049 - INFO -   жҸҗеҸ–дәҶ 10832 дёӘpatches
2026-03-23 09:11:19,648 - INFO - 143/36 еӨ„зҗҶеӣҫеғҸ: E0001510_20111223.nii.gz
2026-03-23 09:11:21,993 - INFO -   жҸҗеҸ–дәҶ 10096 дёӘpatches
2026-03-23 09:11:30,653 - INFO - 144/36 еӨ„зҗҶеӣҫеғҸ: E0001197_20100323.nii.gz
2026-03-23 09:11:32,713 - INFO -   жҸҗеҸ–дәҶ 9104 дёӘpatches
2026-03-23 09:11:40,662 - INFO - 145/36 еӨ„зҗҶеӣҫеғҸ: E0001510_20101220.nii.gz
2026-03-23 09:11:43,206 - INFO -   жҸҗеҸ–дәҶ 10736 дёӘpatches
2026-03-23 09:11:53,466 - INFO - 146/36 еӨ„зҗҶеӣҫеғҸ: E0001497_20111215.nii.gz
2026-03-23 09:11:55,145 - INFO -   жҸҗеҸ–дәҶ 9616 дёӘpatches
2026-03-23 09:12:04,472 - INFO - 147/36 еӨ„зҗҶеӣҫеғҸ: E0001044_20110113.nii.gz
2026-03-23 09:12:07,144 - INFO -   жҸҗеҸ–дәҶ 9616 дёӘpatches
2026-03-23 09:14:43,762 - INFO - еҢ№й…Қз»“жһң: TP=847, FP=33292, FN=33886
2026-03-23 09:25:04,264 - INFO - FROCеҲҶжһҗе®ҢжҲҗ!
2026-03-23 09:25:04,264 - INFO - AUC: 430.907
2026-03-23 09:25:04,264 - INFO - е№іеқҮжҜҸдёӘз—…дәә100FPж—¶зҡ„ж•Ҹж„ҹеәҰ: 0.066
2026-03-23 09:25:04,264 - INFO - е№іеқҮжҜҸдёӘз—…дәә100FPж—¶зҡ„йҳҲеҖј: 0.848
2026-03-23 09:25:04,264 - INFO - з»“жһңдҝқеӯҳеҲ°: ./froc_results/results_fold_3.json
2026-03-23 09:25:04,264 - INFO - FROCжӣІзәҝеӣҫдҝқеӯҳеҲ°: ./froc_results/froc_fold_3.png
