2026-03-23 08:27:21,923 - INFO - ејҖе§ӢеӨ„зҗҶз¬¬ 0 жҠҳж•°жҚ®...
2026-03-23 08:27:21,927 - INFO - з¬¬ 0 жҠҳеҢ…еҗ« 37 дёӘж ·жң¬
2026-03-23 08:27:22,260 - INFO - YOLOжЁЎеһӢеҠ иҪҪжҲҗеҠҹ: Train_result/Mucus_249_neg_0/Train_20260302_fold0/weights/best.pt
2026-03-23 08:27:25,160 - INFO - 0/37 еӨ„зҗҶеӣҫеғҸ: E0001501_20111227.nii.gz
2026-03-23 08:27:27,152 - INFO -   жҸҗеҸ–дәҶ 11056 дёӘpatches
2026-03-23 08:27:38,684 - INFO - 1/37 еӨ„зҗҶеӣҫеғҸ: E0001063_20100120.nii.gz
2026-03-23 08:27:40,240 - INFO -   жҸҗеҸ–дәҶ 8816 дёӘpatches
2026-03-23 08:27:48,444 - INFO - 2/37 еӨ„зҗҶеӣҫеғҸ: E0001256_20110414.nii.gz
2026-03-23 08:27:49,640 - INFO -   жҸҗеҸ–дәҶ 10416 дёӘpatches
2026-03-23 08:27:58,064 - INFO - 3/37 еӨ„зҗҶеӣҫеғҸ: E0001476_20121115.nii.gz
2026-03-23 08:27:59,074 - INFO -   жҸҗеҸ–дәҶ 8976 дёӘpatches
2026-03-23 08:28:06,517 - INFO - 4/37 еӨ„зҗҶеӣҫеғҸ: E0001121_20100202.nii.gz
2026-03-23 08:28:07,825 - INFO -   жҸҗеҸ–дәҶ 8016 дёӘpatches
2026-03-23 08:28:14,473 - INFO - 5/37 еӨ„зҗҶеӣҫеғҸ: E0001097_20100201.nii.gz
2026-03-23 08:28:15,774 - INFO -   жҸҗеҸ–дәҶ 7856 дёӘpatches
2026-03-23 08:28:22,105 - INFO - 6/37 еӨ„зҗҶеӣҫеғҸ: E0001435_20101026.nii.gz
2026-03-23 08:28:23,767 - INFO -   жҸҗеҸ–дәҶ 9936 дёӘpatches
2026-03-23 08:28:32,120 - INFO - 7/37 еӨ„зҗҶеӣҫеғҸ: E0001425_20100927.nii.gz
2026-03-23 08:28:33,836 - INFO -   жҸҗеҸ–дәҶ 10256 дёӘpatches
2026-03-23 08:28:42,246 - INFO - 8/37 еӨ„зҗҶеӣҫеғҸ: E0001190_20100409.nii.gz
2026-03-23 08:28:43,593 - INFO -   жҸҗеҸ–дәҶ 8016 дёӘpatches
2026-03-23 08:28:50,439 - INFO - 9/37 еӨ„зҗҶеӣҫеғҸ: E0001068_20110119.nii.gz
2026-03-23 08:28:51,729 - INFO -   жҸҗеҸ–дәҶ 10896 дёӘpatches
2026-03-23 08:29:00,660 - INFO - 10/37 еӨ„зҗҶеӣҫеғҸ: E0001315_20120706.nii.gz
2026-03-23 08:29:01,747 - INFO -   жҸҗеҸ–дәҶ 9296 дёӘpatches
2026-03-23 08:29:10,410 - INFO - 11/37 еӨ„зҗҶеӣҫеғҸ: E0001250_20120413.nii.gz
2026-03-23 08:29:12,235 - INFO -   жҸҗеҸ–дәҶ 10416 дёӘpatches
2026-03-23 08:29:20,732 - INFO - 12/37 еӨ„зҗҶеӣҫеғҸ: E0001009_20091120.nii.gz
2026-03-23 08:29:22,265 - INFO -   жҸҗеҸ–дәҶ 8752 дёӘpatches
2026-03-23 08:29:29,783 - INFO - 13/37 еӨ„зҗҶеӣҫеғҸ: E0001161_20110428.nii.gz
2026-03-23 08:29:31,978 - INFO -   жҸҗеҸ–дәҶ 12656 дёӘpatches
2026-03-23 08:29:43,883 - INFO - 14/37 еӨ„зҗҶеӣҫеғҸ: E0001477_20101122.nii.gz
2026-03-23 08:29:45,676 - INFO -   жҸҗеҸ–дәҶ 10256 дёӘpatches
2026-03-23 08:29:55,135 - INFO - 15/37 еӨ„зҗҶеӣҫеғҸ: E0001013_20110110.nii.gz
2026-03-23 08:29:56,348 - INFO -   жҸҗеҸ–дәҶ 10256 дёӘpatches
2026-03-23 08:30:04,742 - INFO - 16/37 еӨ„зҗҶеӣҫеғҸ: E0001311_20100629.nii.gz
2026-03-23 08:30:06,557 - INFO -   жҸҗеҸ–дәҶ 10416 дёӘpatches
2026-03-23 08:30:15,272 - INFO - 17/37 еӨ„зҗҶеӣҫеғҸ: E0001485_20121115.nii.gz
2026-03-23 08:30:16,457 - INFO -   жҸҗеҸ–дәҶ 9936 дёӘpatches
2026-03-23 08:30:25,798 - INFO - 18/37 еӨ„зҗҶеӣҫеғҸ: E0001046_20120222.nii.gz
2026-03-23 08:30:26,978 - INFO -   жҸҗеҸ–дәҶ 9936 дёӘpatches
2026-03-23 08:30:35,328 - INFO - 19/37 еӨ„зҗҶеӣҫеғҸ: E0001179_20110603.nii.gz
2026-03-23 08:30:36,880 - INFO -   жҸҗеҸ–дәҶ 9296 дёӘpatches
2026-03-23 08:30:44,375 - INFO - 20/37 еӨ„зҗҶеӣҫеғҸ: E0001055_20100114.nii.gz
2026-03-23 08:30:46,026 - INFO -   жҸҗеҸ–дәҶ 9456 дёӘpatches
2026-03-23 08:30:54,115 - INFO - 21/37 еӨ„зҗҶеӣҫеғҸ: E0001149_20110322.nii.gz
2026-03-23 08:30:55,252 - INFO -   жҸҗеҸ–дәҶ 9616 дёӘpatches
2026-03-23 08:31:03,260 - INFO - 22/37 еӨ„зҗҶеӣҫеғҸ: E0001472_20111116.nii.gz
2026-03-23 08:31:05,073 - INFO -   жҸҗеҸ–дәҶ 10416 дёӘpatches
2026-03-23 08:31:14,883 - INFO - 23/37 еӨ„зҗҶеӣҫеғҸ: E0001261_20120704.nii.gz
2026-03-23 08:31:16,847 - INFO -   жҸҗеҸ–дәҶ 11376 дёӘpatches
2026-03-23 08:31:27,505 - INFO - 24/37 еӨ„зҗҶеӣҫеғҸ: E0001378_20100830.nii.gz
2026-03-23 08:31:29,212 - INFO -   жҸҗеҸ–дәҶ 9776 дёӘpatches
2026-03-23 08:31:37,462 - INFO - 25/37 еӨ„зҗҶеӣҫеғҸ: E0001124_20120313.nii.gz
2026-03-23 08:31:39,080 - INFO -   жҸҗеҸ–дәҶ 9296 дёӘpatches
2026-03-23 08:31:47,010 - INFO - 26/37 еӨ„зҗҶеӣҫеғҸ: E0001046_20110221.nii.gz
2026-03-23 08:31:48,748 - INFO -   жҸҗеҸ–дәҶ 10096 дёӘpatches
2026-03-23 08:31:57,323 - INFO - 27/37 еӨ„зҗҶеӣҫеғҸ: E0001078_20110119.nii.gz
2026-03-23 08:31:58,822 - INFO -   жҸҗеҸ–дәҶ 8656 дёӘpatches
2026-03-23 08:32:06,259 - INFO - 28/37 еӨ„зҗҶеӣҫеғҸ: E0001308_20100610.nii.gz
2026-03-23 08:32:08,091 - INFO -   жҸҗеҸ–дәҶ 11216 дёӘpatches
2026-03-23 08:32:18,870 - INFO - 29/37 еӨ„зҗҶеӣҫеғҸ: E0001488_20101202.nii.gz
2026-03-23 08:32:20,398 - INFO -   жҸҗеҸ–дәҶ 9296 дёӘpatches
2026-03-23 08:32:29,144 - INFO - 30/37 еӨ„зҗҶеӣҫеғҸ: E0001485_20111111.nii.gz
2026-03-23 08:32:30,236 - INFO -   жҸҗеҸ–дәҶ 9120 дёӘpatches
2026-03-23 08:32:37,616 - INFO - 31/37 еӨ„зҗҶеӣҫеғҸ: E0001068_20100126.nii.gz
2026-03-23 08:32:39,410 - INFO -   жҸҗеҸ–дәҶ 10256 дёӘpatches
2026-03-23 08:32:47,919 - INFO - 32/37 еӨ„зҗҶеӣҫеғҸ: E0001066_20120210.nii.gz
2026-03-23 08:32:49,689 - INFO -   жҸҗеҸ–дәҶ 10416 дёӘpatches
2026-03-23 08:32:59,302 - INFO - 33/37 еӨ„зҗҶеӣҫеғҸ: E0001016_20110117.nii.gz
2026-03-23 08:33:00,901 - INFO -   жҸҗеҸ–дәҶ 9296 дёӘpatches
2026-03-23 08:33:08,423 - INFO - 34/37 еӨ„зҗҶеӣҫеғҸ: E0001315_20100702.nii.gz
2026-03-23 08:33:09,973 - INFO -   жҸҗеҸ–дәҶ 8976 дёӘpatches
2026-03-23 08:33:17,327 - INFO - 35/37 еӨ„зҗҶеӣҫеғҸ: E0001097_20110302.nii.gz
2026-03-23 08:33:18,811 - INFO -   жҸҗеҸ–дәҶ 8656 дёӘpatches
2026-03-23 08:33:25,923 - INFO - 36/37 еӨ„зҗҶеӣҫеғҸ: E0001075_20100125.nii.gz
2026-03-23 08:33:27,557 - INFO -   жҸҗеҸ–дәҶ 9296 дёӘpatches
2026-03-23 08:35:09,151 - INFO - еҢ№й…Қз»“жһң: TP=508, FP=17848, FN=30315
2026-03-23 08:38:08,368 - INFO - FROCеҲҶжһҗе®ҢжҲҗ!
2026-03-23 08:38:08,369 - INFO - AUC: 208.717
2026-03-23 08:38:08,369 - INFO - е№іеқҮжҜҸдёӘз—…дәә100FPж—¶зҡ„ж•Ҹж„ҹеәҰ: 0.114
2026-03-23 08:38:08,369 - INFO - е№іеқҮжҜҸдёӘз—…дәә100FPж—¶зҡ„йҳҲеҖј: 0.772
2026-03-23 08:38:08,369 - INFO - з»“жһңдҝқеӯҳеҲ°: ./froc_results/results_fold_0.json
2026-03-23 08:38:08,369 - INFO - FROCжӣІзәҝеӣҫдҝқеӯҳеҲ°: ./froc_results/froc_fold_0.png
