2026-03-23 08:40:45,365 - INFO - ејҖе§ӢеӨ„зҗҶз¬¬ 1 жҠҳж•°жҚ®...
2026-03-23 08:40:45,370 - INFO - з¬¬ 1 жҠҳеҢ…еҗ« 37 дёӘж ·жң¬
2026-03-23 08:40:45,740 - INFO - YOLOжЁЎеһӢеҠ иҪҪжҲҗеҠҹ: Train_result/Mucus_249_neg_0/Train_20260302_fold1/weights/best.pt
2026-03-23 08:40:45,741 - INFO - 38/37 еӨ„зҗҶеӣҫеғҸ: E0001419_20101013.nii.gz
2026-03-23 08:40:47,666 - INFO -   жҸҗеҸ–дәҶ 11056 дёӘpatches
2026-03-23 08:40:59,300 - INFO - 39/37 еӨ„зҗҶеӣҫеғҸ: E0001168_20110519.nii.gz
2026-03-23 08:41:01,265 - INFO -   жҸҗеҸ–дәҶ 8656 дёӘpatches
2026-03-23 08:41:09,329 - INFO - 40/37 еӨ„зҗҶеӣҫеғҸ: E0001121_20120307.nii.gz
2026-03-23 08:41:11,680 - INFO -   жҸҗеҸ–дәҶ 9776 дёӘpatches
2026-03-23 08:41:19,817 - INFO - 41/37 еӨ„зҗҶеӣҫеғҸ: E0001341_20100811.nii.gz
2026-03-23 08:41:22,338 - INFO -   жҸҗеҸ–дәҶ 10736 дёӘpatches
2026-03-23 08:41:31,200 - INFO - 42/37 еӨ„зҗҶеӣҫеғҸ: E0001168_20100420.nii.gz
2026-03-23 08:41:33,397 - INFO -   жҸҗеҸ–дәҶ 8176 дёӘpatches
2026-03-23 08:41:40,220 - INFO - 43/37 еӨ„зҗҶеӣҫеғҸ: E0001476_20101119.nii.gz
2026-03-23 08:41:42,347 - INFO -   жҸҗеҸ–дәҶ 9136 дёӘpatches
2026-03-23 08:41:50,101 - INFO - 44/37 еӨ„зҗҶеӣҫеғҸ: E0001489_20101215.nii.gz
2026-03-23 08:41:52,128 - INFO -   жҸҗеҸ–дәҶ 11376 дёӘpatches
2026-03-23 08:42:02,436 - INFO - 45/37 еӨ„зҗҶеӣҫеғҸ: E0001299_20100607.nii.gz
2026-03-23 08:42:04,452 - INFO -   жҸҗеҸ–дәҶ 8496 дёӘpatches
2026-03-23 08:42:11,771 - INFO - 46/37 еӨ„зҗҶеӣҫеғҸ: E0001172_20120326.nii.gz
2026-03-23 08:42:14,325 - INFO -   жҸҗеҸ–дәҶ 10736 дёӘpatches
2026-03-23 08:42:24,513 - INFO - 47/37 еӨ„зҗҶеӣҫеғҸ: E0001013_20091215.nii.gz
2026-03-23 08:42:26,976 - INFO -   жҸҗеҸ–дәҶ 8976 дёӘpatches
2026-03-23 08:42:35,414 - INFO - 48/37 еӨ„зҗҶеӣҫеғҸ: E0001258_20120515.nii.gz
2026-03-23 08:42:37,783 - INFO -   жҸҗеҸ–дәҶ 10304 дёӘpatches
2026-03-23 08:42:46,328 - INFO - 49/37 еӨ„зҗҶеӣҫеғҸ: E0001035_20120116.nii.gz
2026-03-23 08:42:48,275 - INFO -   жҸҗеҸ–дәҶ 10416 дёӘpatches
2026-03-23 08:42:58,090 - INFO - 50/37 еӨ„зҗҶеӣҫеғҸ: E0001404_20101008.nii.gz
2026-03-23 08:43:00,674 - INFO -   жҸҗеҸ–дәҶ 9936 дёӘpatches
2026-03-23 08:43:09,181 - INFO - 51/37 еӨ„зҗҶеӣҫеғҸ: E0001250_20100416.nii.gz
2026-03-23 08:43:11,260 - INFO -   жҸҗеҸ–дәҶ 8816 дёӘpatches
2026-03-23 08:43:18,525 - INFO - 52/37 еӨ„зҗҶеӣҫеғҸ: E0001512_20101221.nii.gz
2026-03-23 08:43:21,361 - INFO -   жҸҗеҸ–дәҶ 10896 дёӘpatches
2026-03-23 08:43:31,422 - INFO - 53/37 еӨ„зҗҶеӣҫеғҸ: E0001524_20130106.nii.gz
2026-03-23 08:43:34,116 - INFO -   жҸҗеҸ–дәҶ 11216 дёӘpatches
2026-03-23 08:43:44,701 - INFO - 54/37 еӨ„зҗҶеӣҫеғҸ: E0001383_20100831.nii.gz
2026-03-23 08:43:46,823 - INFO -   жҸҗеҸ–дәҶ 9136 дёӘpatches
2026-03-23 08:43:54,454 - INFO - 55/37 еӨ„зҗҶеӣҫеғҸ: E0001401_20101028.nii.gz
2026-03-23 08:43:56,573 - INFO -   жҸҗеҸ–дәҶ 8976 дёӘpatches
2026-03-23 08:44:04,017 - INFO - 56/37 еӨ„зҗҶеӣҫеғҸ: E0001353_20100811.nii.gz
2026-03-23 08:44:06,470 - INFO -   жҸҗеҸ–дәҶ 10416 дёӘpatches
2026-03-23 08:44:16,505 - INFO - 57/37 еӨ„зҗҶеӣҫеғҸ: E0001525_20111221.nii.gz
2026-03-23 08:44:18,750 - INFO -   жҸҗеҸ–дәҶ 9296 дёӘpatches
2026-03-23 08:44:27,725 - INFO - 58/37 еӨ„зҗҶеӣҫеғҸ: E0001487_20101220.nii.gz
2026-03-23 08:44:29,955 - INFO -   жҸҗеҸ–дәҶ 9616 дёӘpatches
2026-03-23 08:44:37,930 - INFO - 59/37 еӨ„зҗҶеӣҫеғҸ: E0001163_20120406.nii.gz
2026-03-23 08:44:40,580 - INFO -   жҸҗеҸ–дәҶ 11376 дёӘpatches
2026-03-23 08:44:51,143 - INFO - 60/37 еӨ„зҗҶеӣҫеғҸ: E0001533_20120104.nii.gz
2026-03-23 08:44:53,138 - INFO -   жҸҗеҸ–дәҶ 9776 дёӘpatches
2026-03-23 08:45:02,394 - INFO - 61/37 еӨ„зҗҶеӣҫеғҸ: E0001510_20121217.nii.gz
2026-03-23 08:45:04,975 - INFO -   жҸҗеҸ–дәҶ 10896 дёӘpatches
2026-03-23 08:45:14,228 - INFO - 62/37 еӨ„зҗҶеӣҫеғҸ: E0001404_20120927.nii.gz
2026-03-23 08:45:16,045 - INFO -   жҸҗеҸ–дәҶ 9856 дёӘpatches
2026-03-23 08:45:25,267 - INFO - 63/37 еӨ„зҗҶеӣҫеғҸ: E0001323_20100805.nii.gz
2026-03-23 08:45:27,910 - INFO -   жҸҗеҸ–дәҶ 11216 дёӘpatches
2026-03-23 08:45:37,191 - INFO - 64/37 еӨ„зҗҶеӣҫеғҸ: E0001509_20101217.nii.gz
2026-03-23 08:45:40,291 - INFO -   жҸҗеҸ–дәҶ 12176 дёӘpatches
2026-03-23 08:45:50,491 - INFO - 65/37 еӨ„зҗҶеӣҫеғҸ: E0001172_20110308.nii.gz
2026-03-23 08:45:52,267 - INFO -   жҸҗеҸ–дәҶ 9776 дёӘpatches
2026-03-23 08:46:00,732 - INFO - 66/37 еӨ„зҗҶеӣҫеғҸ: E0001470_20101118.nii.gz
2026-03-23 08:46:03,088 - INFO -   жҸҗеҸ–дәҶ 10416 дёӘpatches
2026-03-23 08:46:11,812 - INFO - 67/37 еӨ„зҗҶеӣҫеғҸ: E0001161_20100303.nii.gz
2026-03-23 08:46:14,135 - INFO -   жҸҗеҸ–дәҶ 9776 дёӘpatches
2026-03-23 08:46:23,321 - INFO - 68/37 еӨ„зҗҶеӣҫеғҸ: E0001044_20120228.nii.gz
2026-03-23 08:46:24,975 - INFO -   жҸҗеҸ–дәҶ 9616 дёӘpatches
2026-03-23 08:46:33,107 - INFO - 69/37 еӨ„зҗҶеӣҫеғҸ: E0001046_20100112.nii.gz
2026-03-23 08:46:34,901 - INFO -   жҸҗеҸ–дәҶ 10416 дёӘpatches
2026-03-23 08:46:44,890 - INFO - 70/37 еӨ„зҗҶеӣҫеғҸ: E0001128_20110304.nii.gz
2026-03-23 08:46:46,546 - INFO -   жҸҗеҸ–дәҶ 9776 дёӘpatches
2026-03-23 08:46:55,652 - INFO - 71/37 еӨ„зҗҶеӣҫеғҸ: E0001277_20120530.nii.gz
2026-03-23 08:46:56,779 - INFO -   жҸҗеҸ–дәҶ 9456 дёӘpatches
2026-03-23 08:47:04,486 - INFO - 72/37 еӨ„зҗҶеӣҫеғҸ: E0001055_20110315.nii.gz
2026-03-23 08:47:06,193 - INFO -   жҸҗеҸ–дәҶ 9776 дёӘpatches
2026-03-23 08:47:14,517 - INFO - 73/37 еӨ„зҗҶеӣҫеғҸ: E0001317_20100802.nii.gz
2026-03-23 08:47:17,241 - INFO -   жҸҗеҸ–дәҶ 10416 дёӘpatches
2026-03-23 08:47:26,837 - INFO - 74/37 еӨ„зҗҶеӣҫеғҸ: E0001263_20100505.nii.gz
2026-03-23 08:47:28,063 - INFO -   жҸҗеҸ–дәҶ 10416 дёӘpatches
2026-03-23 08:49:01,065 - INFO - еҢ№й…Қз»“жһң: TP=413, FP=20592, FN=31263
2026-03-23 08:52:53,131 - INFO - FROCеҲҶжһҗе®ҢжҲҗ!
2026-03-23 08:52:53,131 - INFO - AUC: 214.689
2026-03-23 08:52:53,132 - INFO - е№іеқҮжҜҸдёӘз—…дәә100FPж—¶зҡ„ж•Ҹж„ҹеәҰ: 0.087
2026-03-23 08:52:53,132 - INFO - е№іеқҮжҜҸдёӘз—…дәә100FPж—¶зҡ„йҳҲеҖј: 0.813
2026-03-23 08:52:53,132 - INFO - з»“жһңдҝқеӯҳеҲ°: ./froc_results/results_fold_1.json
2026-03-23 08:52:53,132 - INFO - FROCжӣІзәҝеӣҫдҝқеӯҳеҲ°: ./froc_results/froc_fold_1.png
