2026-03-23 09:25:04,298 - INFO - ејҖе§ӢеӨ„зҗҶз¬¬ 4 жҠҳж•°жҚ®...
2026-03-23 09:25:04,299 - INFO - з¬¬ 4 жҠҳеҢ…еҗ« 37 дёӘж ·жң¬
2026-03-23 09:25:04,323 - INFO - YOLOжЁЎеһӢеҠ иҪҪжҲҗеҠҹ: Train_result/Mucus_249_neg_0/Train_20260302_fold4/weights/best.pt
2026-03-23 09:25:04,323 - INFO - 148/37 еӨ„зҗҶеӣҫеғҸ: E0001477_20121122.nii.gz
2026-03-23 09:25:06,472 - INFO -   жҸҗеҸ–дәҶ 9296 дёӘpatches
2026-03-23 09:25:14,391 - INFO - 149/37 еӨ„зҗҶеӣҫеғҸ: E0001075_20110121.nii.gz
2026-03-23 09:25:17,235 - INFO -   жҸҗеҸ–дәҶ 10416 дёӘpatches
2026-03-23 09:25:26,931 - INFO - 150/37 еӨ„зҗҶеӣҫеғҸ: E0001054_20110118.nii.gz
2026-03-23 09:25:29,673 - INFO -   жҸҗеҸ–дәҶ 10256 дёӘpatches
2026-03-23 09:25:39,769 - INFO - 151/37 еӨ„зҗҶеӣҫеғҸ: E0001121_20110228.nii.gz
2026-03-23 09:25:42,553 - INFO -   жҸҗеҸ–дәҶ 11440 дёӘpatches
2026-03-23 09:25:53,757 - INFO - 152/37 еӨ„зҗҶеӣҫеғҸ: E0001520_20121217.nii.gz
2026-03-23 09:25:56,311 - INFO -   жҸҗеҸ–дәҶ 10416 дёӘpatches
2026-03-23 09:26:06,261 - INFO - 153/37 еӨ„зҗҶеӣҫеғҸ: E0001011_20091204.nii.gz
2026-03-23 09:26:08,813 - INFO -   жҸҗеҸ–дәҶ 9520 дёӘpatches
2026-03-23 09:26:16,926 - INFO - 154/37 еӨ„зҗҶеӣҫеғҸ: E0001018_20110110.nii.gz
2026-03-23 09:26:19,783 - INFO -   жҸҗеҸ–дәҶ 9936 дёӘpatches
2026-03-23 09:26:28,344 - INFO - 155/37 еӨ„зҗҶеӣҫеғҸ: E0001532_20111231.nii.gz
2026-03-23 09:26:30,225 - INFO -   жҸҗеҸ–дәҶ 10416 дёӘpatches
2026-03-23 09:26:39,222 - INFO - 156/37 еӨ„зҗҶеӣҫеғҸ: E0001325_20100730.nii.gz
2026-03-23 09:26:41,787 - INFO -   жҸҗеҸ–дәҶ 10896 дёӘpatches
2026-03-23 09:26:51,200 - INFO - 157/37 еӨ„зҗҶеӣҫеғҸ: E0001009_20111123.nii.gz
2026-03-23 09:26:53,525 - INFO -   жҸҗеҸ–дәҶ 8560 дёӘpatches
2026-03-23 09:27:01,001 - INFO - 158/37 еӨ„зҗҶеӣҫеғҸ: E0001401_20121018.nii.gz
2026-03-23 09:27:02,648 - INFO -   жҸҗеҸ–дәҶ 8656 дёӘpatches
2026-03-23 09:27:09,995 - INFO - 159/37 еӨ„зҗҶеӣҫеғҸ: E0001316_20100705.nii.gz
2026-03-23 09:27:12,226 - INFO -   жҸҗеҸ–дәҶ 9616 дёӘpatches
2026-03-23 09:27:20,431 - INFO - 160/37 еӨ„зҗҶеӣҫеғҸ: E0001217_20100419.nii.gz
2026-03-23 09:27:22,408 - INFO -   жҸҗеҸ–дәҶ 8336 дёӘpatches
2026-03-23 09:27:29,731 - INFO - 161/37 еӨ„зҗҶеӣҫеғҸ: E0001308_20110531.nii.gz
2026-03-23 09:27:32,061 - INFO -   жҸҗеҸ–дәҶ 13616 дёӘpatches
2026-03-23 09:27:43,802 - INFO - 162/37 еӨ„зҗҶеӣҫеғҸ: E0001250_20110413.nii.gz
2026-03-23 09:27:46,817 - INFO -   жҸҗеҸ–дәҶ 10736 дёӘpatches
2026-03-23 09:27:57,187 - INFO - 163/37 еӨ„зҗҶеӣҫеғҸ: E0001263_20120808.nii.gz
2026-03-23 09:27:59,289 - INFO -   жҸҗеҸ–дәҶ 11376 дёӘpatches
2026-03-23 09:28:10,379 - INFO - 164/37 еӨ„зҗҶеӣҫеғҸ: E0001257_20100504.nii.gz
2026-03-23 09:28:13,033 - INFO -   жҸҗеҸ–дәҶ 10096 дёӘpatches
2026-03-23 09:28:21,672 - INFO - 165/37 еӨ„зҗҶеӣҫеғҸ: E0001477_20111110.nii.gz
2026-03-23 09:28:23,722 - INFO -   жҸҗеҸ–дәҶ 8976 дёӘpatches
2026-03-23 09:28:31,525 - INFO - 166/37 еӨ„зҗҶеӣҫеғҸ: E0001502_20101224.nii.gz
2026-03-23 09:28:34,819 - INFO -   жҸҗеҸ–дәҶ 11696 дёӘpatches
2026-03-23 09:28:44,808 - INFO - 167/37 еӨ„зҗҶеӣҫеғҸ: E0001276_20110503.nii.gz
2026-03-23 09:28:46,963 - INFO -   жҸҗеҸ–дәҶ 11056 дёӘpatches
2026-03-23 09:28:57,591 - INFO - 168/37 еӨ„зҗҶеӣҫеғҸ: E0001254_20100422.nii.gz
2026-03-23 09:28:59,171 - INFO -   жҸҗеҸ–дәҶ 8976 дёӘpatches
2026-03-23 09:29:06,840 - INFO - 169/37 еӨ„зҗҶеӣҫеғҸ: E0001179_20100319.nii.gz
2026-03-23 09:29:08,464 - INFO -   жҸҗеҸ–дәҶ 8816 дёӘpatches
2026-03-23 09:29:16,106 - INFO - 170/37 еӨ„зҗҶеӣҫеғҸ: E0001179_20100319.nii.gz
2026-03-23 09:29:18,845 - INFO -   жҸҗеҸ–дәҶ 8816 дёӘpatches
2026-03-23 09:29:26,250 - INFO - 171/37 еӨ„зҗҶеӣҫеғҸ: E0001499_20101208.nii.gz
2026-03-23 09:29:28,617 - INFO -   жҸҗеҸ–дәҶ 10256 дёӘpatches
2026-03-23 09:29:37,317 - INFO - 172/37 еӨ„зҗҶеӣҫеғҸ: E0001031_20091224.nii.gz
2026-03-23 09:29:39,555 - INFO -   жҸҗеҸ–дәҶ 8176 дёӘpatches
2026-03-23 09:29:46,457 - INFO - 173/37 еӨ„зҗҶеӣҫеғҸ: E0001261_20100517.nii.gz
2026-03-23 09:29:48,348 - INFO -   жҸҗеҸ–дәҶ 7856 дёӘpatches
2026-03-23 09:29:55,128 - INFO - 174/37 еӨ„зҗҶеӣҫеғҸ: E0001342_20100906.nii.gz
2026-03-23 09:29:57,543 - INFO -   жҸҗеҸ–дәҶ 10096 дёӘpatches
2026-03-23 09:30:06,132 - INFO - 175/37 еӨ„зҗҶеӣҫеғҸ: E0001472_20101123.nii.gz
2026-03-23 09:30:08,612 - INFO -   жҸҗеҸ–дәҶ 10736 дёӘpatches
2026-03-23 09:30:19,004 - INFO - 176/37 еӨ„зҗҶеӣҫеғҸ: E0001529_20111229.nii.gz
2026-03-23 09:30:20,975 - INFO -   жҸҗеҸ–дәҶ 10416 дёӘpatches
2026-03-23 09:30:31,040 - INFO - 177/37 еӨ„зҗҶеӣҫеғҸ: E0001080_20120227.nii.gz
2026-03-23 09:30:34,040 - INFO -   жҸҗеҸ–дәҶ 12496 дёӘpatches
2026-03-23 09:30:46,253 - INFO - 178/37 еӨ„зҗҶеӣҫеғҸ: E0001055_20120614.nii.gz
2026-03-23 09:30:49,166 - INFO -   жҸҗеҸ–дәҶ 10416 дёӘpatches
2026-03-23 09:30:59,312 - INFO - 179/37 еӨ„зҗҶеӣҫеғҸ: E0001426_20101014.nii.gz
2026-03-23 09:31:01,881 - INFO -   жҸҗеҸ–дәҶ 10896 дёӘpatches
2026-03-23 09:31:12,637 - INFO - 180/37 еӨ„зҗҶеӣҫеғҸ: E0001073_20110128.nii.gz
2026-03-23 09:31:15,784 - INFO -   жҸҗеҸ–дәҶ 10576 дёӘpatches
2026-03-23 09:31:25,758 - INFO - 181/37 еӨ„зҗҶеӣҫеғҸ: E0001103_20110310.nii.gz
2026-03-23 09:31:27,606 - INFO -   жҸҗеҸ–дәҶ 9296 дёӘpatches
2026-03-23 09:31:36,728 - INFO - 182/37 еӨ„зҗҶеӣҫеғҸ: E0001078_20120224.nii.gz
2026-03-23 09:31:39,559 - INFO -   жҸҗеҸ–дәҶ 9744 дёӘpatches
2026-03-23 09:31:48,120 - INFO - 183/37 еӨ„зҗҶеӣҫеғҸ: E0001163_20110308.nii.gz
2026-03-23 09:31:50,383 - INFO -   жҸҗеҸ–дәҶ 10096 дёӘpatches
2026-03-23 09:31:59,046 - INFO - 184/37 еӨ„зҗҶеӣҫеғҸ: E0001438_20111101.nii.gz
2026-03-23 09:32:01,189 - INFO -   жҸҗеҸ–дәҶ 8880 дёӘpatches
2026-03-23 09:35:05,613 - INFO - еҢ№й…Қз»“жһң: TP=1182, FP=32898, FN=39124
2026-03-23 09:45:13,755 - INFO - FROCеҲҶжһҗе®ҢжҲҗ!
2026-03-23 09:45:13,755 - INFO - AUC: 370.240
2026-03-23 09:45:13,756 - INFO - е№іеқҮжҜҸдёӘз—…дәә100FPж—¶зҡ„ж•Ҹж„ҹеәҰ: 0.040
2026-03-23 09:45:13,756 - INFO - е№іеқҮжҜҸдёӘз—…дәә100FPж—¶зҡ„йҳҲеҖј: 0.824
2026-03-23 09:45:13,756 - INFO - з»“жһңдҝқеӯҳеҲ°: ./froc_results/results_fold_4.json
2026-03-23 09:45:13,756 - INFO - FROCжӣІзәҝеӣҫдҝқеӯҳеҲ°: ./froc_results/froc_fold_4.png
