2026-03-23 08:52:53,160 - INFO - ејҖе§ӢеӨ„зҗҶз¬¬ 2 жҠҳж•°жҚ®...
2026-03-23 08:52:53,162 - INFO - з¬¬ 2 жҠҳеҢ…еҗ« 37 дёӘж ·жң¬
2026-03-23 08:52:53,185 - INFO - YOLOжЁЎеһӢеҠ иҪҪжҲҗеҠҹ: Train_result/Mucus_249_neg_0/Train_20260302_fold2/weights/best.pt
2026-03-23 08:52:53,185 - INFO - 75/37 еӨ„зҗҶеӣҫеғҸ: E0001018_20091229.nii.gz
2026-03-23 08:52:54,774 - INFO -   жҸҗеҸ–дәҶ 8816 дёӘpatches
2026-03-23 08:53:02,279 - INFO - 76/37 еӨ„зҗҶеӣҫеғҸ: E0001314_20100701.nii.gz
2026-03-23 08:53:05,070 - INFO -   жҸҗеҸ–дәҶ 10416 дёӘpatches
2026-03-23 08:53:14,010 - INFO - 77/37 еӨ„зҗҶеӣҫеғҸ: E0001233_20100412.nii.gz
2026-03-23 08:53:15,649 - INFO -   жҸҗеҸ–дәҶ 8816 дёӘpatches
2026-03-23 08:53:23,048 - INFO - 78/37 еӨ„зҗҶеӣҫеғҸ: E0001127_20120314.nii.gz
2026-03-23 08:53:24,875 - INFO -   жҸҗеҸ–дәҶ 9936 дёӘpatches
2026-03-23 08:53:33,257 - INFO - 79/37 еӨ„зҗҶеӣҫеғҸ: E0001026_20091218.nii.gz
2026-03-23 08:53:35,552 - INFO -   жҸҗеҸ–дәҶ 8496 дёӘpatches
2026-03-23 08:53:42,858 - INFO - 80/37 еӨ„зҗҶеӣҫеғҸ: E0001232_20100407.nii.gz
2026-03-23 08:53:45,066 - INFO -   жҸҗеҸ–дәҶ 9136 дёӘpatches
2026-03-23 08:53:52,943 - INFO - 81/37 еӨ„зҗҶеӣҫеғҸ: E0001519_20101224.nii.gz
2026-03-23 08:53:55,460 - INFO -   жҸҗеҸ–дәҶ 10416 дёӘpatches
2026-03-23 08:54:05,352 - INFO - 82/37 еӨ„зҗҶеӣҫеғҸ: E0001254_20120418.nii.gz
2026-03-23 08:54:07,101 - INFO -   жҸҗеҸ–дәҶ 9616 дёӘpatches
2026-03-23 08:54:16,179 - INFO - 83/37 еӨ„зҗҶеӣҫеғҸ: E0001497_20101214.nii.gz
2026-03-23 08:54:18,529 - INFO -   жҸҗеҸ–дәҶ 10096 дёӘpatches
2026-03-23 08:54:27,012 - INFO - 84/37 еӨ„зҗҶеӣҫеғҸ: E0001124_20110301.nii.gz
2026-03-23 08:54:30,041 - INFO -   жҸҗеҸ–дәҶ 9136 дёӘpatches
2026-03-23 08:54:38,779 - INFO - 85/37 еӨ„зҗҶеӣҫеғҸ: E0001066_20100119.nii.gz
2026-03-23 08:54:41,108 - INFO -   жҸҗеҸ–дәҶ 8784 дёӘpatches
2026-03-23 08:54:48,569 - INFO - 86/37 еӨ„зҗҶеӣҫеғҸ: E0001322_20120704.nii.gz
2026-03-23 08:54:50,415 - INFO -   жҸҗеҸ–дәҶ 9936 дёӘpatches
2026-03-23 08:54:59,979 - INFO - 87/37 еӨ„зҗҶеӣҫеғҸ: E0001332_20100730.nii.gz
2026-03-23 08:55:02,350 - INFO -   жҸҗеҸ–дәҶ 10096 дёӘpatches
2026-03-23 08:55:12,150 - INFO - 88/37 еӨ„зҗҶеӣҫеғҸ: E0001172_20100308.nii.gz
2026-03-23 08:55:14,324 - INFO -   жҸҗеҸ–дәҶ 8976 дёӘpatches
2026-03-23 08:55:22,110 - INFO - 89/37 еӨ„зҗҶеӣҫеғҸ: E0001039_20110222.nii.gz
2026-03-23 08:55:23,936 - INFO -   жҸҗеҸ–дәҶ 10416 дёӘpatches
2026-03-23 08:55:33,578 - INFO - 90/37 еӨ„зҗҶеӣҫеғҸ: E0001103_20100203.nii.gz
2026-03-23 08:55:35,266 - INFO -   жҸҗеҸ–дәҶ 8496 дёӘpatches
2026-03-23 08:55:43,398 - INFO - 91/37 еӨ„зҗҶеӣҫеғҸ: E0001417_20101013.nii.gz
2026-03-23 08:55:46,075 - INFO -   жҸҗеҸ–дәҶ 9936 дёӘpatches
2026-03-23 08:55:54,590 - INFO - 92/37 еӨ„зҗҶеӣҫеғҸ: E0001233_20120417.nii.gz
2026-03-23 08:55:56,481 - INFO -   жҸҗеҸ–дәҶ 10416 дёӘpatches
2026-03-23 08:56:06,415 - INFO - 93/37 еӨ„зҗҶеӣҫеғҸ: E0001197_20110323.nii.gz
2026-03-23 08:56:08,114 - INFO -   жҸҗеҸ–дәҶ 9456 дёӘpatches
2026-03-23 08:56:16,091 - INFO - 94/37 еӨ„зҗҶеӣҫеғҸ: E0001256_20120418.nii.gz
2026-03-23 08:56:17,848 - INFO -   жҸҗеҸ–дәҶ 9616 дёӘpatches
2026-03-23 08:56:26,902 - INFO - 95/37 еӨ„зҗҶеӣҫеғҸ: E0001257_20110426.nii.gz
2026-03-23 08:56:28,831 - INFO -   жҸҗеҸ–дәҶ 10896 дёӘpatches
2026-03-23 08:56:38,087 - INFO - 96/37 еӨ„зҗҶеӣҫеғҸ: E0001524_20110106.nii.gz
2026-03-23 08:56:40,596 - INFO -   жҸҗеҸ–дәҶ 10416 дёӘpatches
2026-03-23 08:56:49,539 - INFO - 97/37 еӨ„зҗҶеӣҫеғҸ: E0001063_20110118.nii.gz
2026-03-23 08:56:51,653 - INFO -   жҸҗеҸ–дәҶ 10576 дёӘpatches
2026-03-23 08:57:00,859 - INFO - 98/37 еӨ„зҗҶеӣҫеғҸ: E0001184_20100322.nii.gz
2026-03-23 08:57:02,969 - INFO -   жҸҗеҸ–дәҶ 8816 дёӘpatches
2026-03-23 08:57:11,817 - INFO - 99/37 еӨ„зҗҶеӣҫеғҸ: E0001066_20110224.nii.gz
2026-03-23 08:57:14,554 - INFO -   жҸҗеҸ–дәҶ 10576 дёӘpatches
2026-03-23 08:57:24,837 - INFO - 100/37 еӨ„зҗҶеӣҫеғҸ: E0001009_20101124.nii.gz
2026-03-23 08:57:27,263 - INFO -   жҸҗеҸ–дәҶ 10416 дёӘpatches
2026-03-23 08:57:37,102 - INFO - 101/37 еӨ„зҗҶеӣҫеғҸ: E0001124_20100202.nii.gz
2026-03-23 08:57:39,678 - INFO -   жҸҗеҸ–дәҶ 8640 дёӘpatches
2026-03-23 08:57:46,993 - INFO - 102/37 еӨ„зҗҶеӣҫеғҸ: E0001485_20101124.nii.gz
2026-03-23 08:57:49,437 - INFO -   жҸҗеҸ–дәҶ 10416 дёӘpatches
2026-03-23 08:57:58,532 - INFO - 103/37 еӨ„зҗҶеӣҫеғҸ: E0001035_20110121.nii.gz
2026-03-23 08:58:00,417 - INFO -   жҸҗеҸ–дәҶ 10096 дёӘpatches
2026-03-23 08:58:10,145 - INFO - 104/37 еӨ„зҗҶеӣҫеғҸ: E0001128_20100204.nii.gz
2026-03-23 08:58:12,189 - INFO -   жҸҗеҸ–дәҶ 8816 дёӘpatches
2026-03-23 08:58:19,787 - INFO - 105/37 еӨ„зҗҶеӣҫеғҸ: E0001155_20100408.nii.gz
2026-03-23 08:58:21,886 - INFO -   жҸҗеҸ–дәҶ 9136 дёӘpatches
2026-03-23 08:58:29,684 - INFO - 106/37 еӨ„зҗҶеӣҫеғҸ: E0001085_20100129.nii.gz
2026-03-23 08:58:31,597 - INFO -   жҸҗеҸ–дәҶ 8176 дёӘpatches
2026-03-23 08:58:38,507 - INFO - 107/37 еӨ„зҗҶеӣҫеғҸ: E0001073_20120314.nii.gz
2026-03-23 08:58:40,350 - INFO -   жҸҗеҸ–дәҶ 10256 дёӘpatches
2026-03-23 08:58:49,064 - INFO - 108/37 еӨ„зҗҶеӣҫеғҸ: E0001435_20111021.nii.gz
2026-03-23 08:58:51,648 - INFO -   жҸҗеҸ–дәҶ 10416 дёӘpatches
2026-03-23 08:59:00,549 - INFO - 109/37 еӨ„зҗҶеӣҫеғҸ: E0001054_20100113.nii.gz
2026-03-23 08:59:03,083 - INFO -   жҸҗеҸ–дәҶ 9456 дёӘpatches
2026-03-23 08:59:11,120 - INFO - 110/37 еӨ„зҗҶеӣҫеғҸ: E0001437_20121024.nii.gz
2026-03-23 08:59:13,566 - INFO -   жҸҗеҸ–дәҶ 10896 дёӘpatches
2026-03-23 08:59:24,009 - INFO - 111/37 еӨ„зҗҶеӣҫеғҸ: E0001425_20111020.nii.gz
2026-03-23 08:59:25,957 - INFO -   жҸҗеҸ–дәҶ 10896 дёӘpatches
2026-03-23 09:00:42,046 - INFO - еҢ№й…Қз»“жһң: TP=271, FP=22866, FN=22313
2026-03-23 09:05:27,534 - INFO - FROCеҲҶжһҗе®ҢжҲҗ!
2026-03-23 09:05:27,534 - INFO - AUC: 251.916
2026-03-23 09:05:27,534 - INFO - е№іеқҮжҜҸдёӘз—…дәә100FPж—¶зҡ„ж•Ҹж„ҹеәҰ: 0.085
2026-03-23 09:05:27,534 - INFO - е№іеқҮжҜҸдёӘз—…дәә100FPж—¶зҡ„йҳҲеҖј: 0.798
2026-03-23 09:05:27,534 - INFO - з»“жһңдҝқеӯҳеҲ°: ./froc_results/results_fold_2.json
2026-03-23 09:05:27,534 - INFO - FROCжӣІзәҝеӣҫдҝқеӯҳеҲ°: ./froc_results/froc_fold_2.png
